c:\users\khivus\education\programming\university\year 1 semester 2\levycurve\debug\vc142.pdb
c:\users\khivus\education\programming\university\year 1 semester 2\levycurve\debug\.netframework,version=v4.7.2.assemblyattributes.obj
c:\users\khivus\education\programming\university\year 1 semester 2\levycurve\debug\myform.obj
c:\users\khivus\education\programming\university\year 1 semester 2\levycurve\debug\anime.obj
c:\users\khivus\education\programming\university\year 1 semester 2\levycurve\debug\aboutme.obj
c:\users\khivus\education\programming\university\year 1 semester 2\levycurve\debug\drawlevy.obj
c:\users\khivus\education\programming\university\year 1 semester 2\levycurve\debug\datainput.obj
c:\users\khivus\education\programming\university\year 1 semester 2\levycurve\debug\maindraw.obj
c:\users\khivus\education\programming\university\year 1 semester 2\levycurve\debug\levy.obj
c:\users\khivus\education\programming\university\year 1 semester 2\levycurve\debug\levyform.obj
c:\users\khivus\education\programming\university\year 1 semester 2\levycurve\debug\levycurve.myform.resources
c:\users\khivus\education\programming\university\year 1 semester 2\levycurve\debug\levycurve.drawlevy.resources
c:\users\khivus\education\programming\university\year 1 semester 2\levycurve\debug\levycurve.aboutme.resources
c:\users\khivus\education\programming\university\year 1 semester 2\levycurve\debug\levycurve.anime.resources
c:\users\khivus\education\programming\university\year 1 semester 2\levycurve\debug\levycurve.datainput.resources
c:\users\khivus\education\programming\university\year 1 semester 2\levycurve\debug\levycurve.maindraw.resources
c:\users\khivus\education\programming\university\year 1 semester 2\levycurve\debug\levycurve.levy.resources
c:\users\khivus\education\programming\university\year 1 semester 2\levycurve\debug\levycurve.exe
c:\users\khivus\education\programming\university\year 1 semester 2\levycurve\debug\levycurve.pdb
c:\users\khivus\education\programming\university\year 1 semester 2\levycurve\debug\about.obj
c:\users\khivus\education\programming\university\year 1 semester 2\levycurve\debug\animation.obj
c:\users\khivus\education\programming\university\year 1 semester 2\levycurve\debug\levycurve.exe.metagen
c:\users\khivus\education\programming\university\year 1 semester 2\levycurve\debug\levycurve.tlog\cl.command.1.tlog
c:\users\khivus\education\programming\university\year 1 semester 2\levycurve\debug\levycurve.tlog\cl.read.1.tlog
c:\users\khivus\education\programming\university\year 1 semester 2\levycurve\debug\levycurve.tlog\cl.write.1.tlog
c:\users\khivus\education\programming\university\year 1 semester 2\levycurve\debug\levycurve.tlog\levycurve.write.1u.tlog
c:\users\khivus\education\programming\university\year 1 semester 2\levycurve\debug\levycurve.tlog\link.command.1.tlog
c:\users\khivus\education\programming\university\year 1 semester 2\levycurve\debug\levycurve.tlog\link.read.1.tlog
c:\users\khivus\education\programming\university\year 1 semester 2\levycurve\debug\levycurve.tlog\link.write.1.tlog
c:\users\khivus\education\programming\university\year 1 semester 2\levycurve\debug\levycurve.tlog\metagen.read.1.tlog
c:\users\khivus\education\programming\university\year 1 semester 2\levycurve\debug\levycurve.tlog\metagen.write.1.tlog
